
Log - {"url":"https:\/\/websitedemos.net\/organic-shop-02\/wp-content\/uploads\/sites\/465\/2019\/07\/organic-store-white-logo.png","id":2478}
Deleted - Post ID 2277 - attachment - mug-coffee
Deleted - Post ID 2279 - attachment - mug-yellow
Deleted - Post ID 13 - custom_css - astra
Inserted - Post 5235 - attachment - organic-store-white-logo.png
BATCH - SUCCESS Image {Imported} - http://localhost/wordpresssite/wordpress12/wp-content/uploads/2022/04/organic-store-white-logo.png
---- Processing Contact Form Mapping from Text Widgets -----
---- Processing Contact Form Mapping from WP Forms Widgets -----
---- Processing WordPress Posts / Pages - for "Gutenberg" ----
---- Processing WordPress Posts / Pages - for Elementor ----
---- Processing MISC ----
Post ID: 5035
---- Processing Images Metadata ----
---- Processing Images Metadata Completed ----
---- Processing batch process for Customizer start ----
---- Processing batch process for Customizer done ----
Batch Process Complete!
Inserted - Post 2303 - attachment - discount
Inserted - Post 2304 - attachment - lock
Inserted - Post 6 - custom_css - astra
Inserted - Post 5236 - page - Contact
Inserted - Post 95 - page - Home
Inserted - Post 96 - page - About
Inserted - Post 337 - nav_menu_item - 
Inserted - Post 343 - nav_menu_item - 
Inserted - Post 344 - nav_menu_item - 
Inserted - Post 406 - nav_menu_item - All Products
Inserted - Post 470 - nav_menu_item - Account
Inserted - Post 471 - nav_menu_item - 
Inserted - Post 472 - nav_menu_item - My Account
Inserted - Post 985 - custom_css - astra
Inserted - Post 1852 - elementor_library - Default Kit
Inserted - Post 2215 - nav_menu_item - Know More About Us
Inserted - Post 2216 - nav_menu_item - Visit Store
Inserted - Post 2217 - nav_menu_item - Let&#8217;s Connect
Inserted - Post 2218 - nav_menu_item - Privacy Policy
Inserted - Post 2219 - nav_menu_item - Shipping Details
Inserted - Post 2220 - nav_menu_item - Terms &#038; Conditions
Inserted - Post 2656 - page - Refund and Returns Policy
Inserted - Post 97 - page - Cart
Inserted - Post 98 - page - Checkout
Inserted - Post 99 - page - My account
Inserted - Post 161 - product - Printed Tshirt Coffee Black Color
Inserted - Post 167 - product - Green Printed Tshirt
Inserted - Post 168 - product - Printed Green Tshirt
Inserted - Post 169 - product - Typography Teal Printed Tshirt
Inserted - Post 170 - product - Printed Brown Tshirt
Inserted - Post 171 - product - Printed Dark Blue Tshirt
Inserted - Post 240 - product - White Printed Coffee Mug
Inserted - Post 241 - product - Black Printed Coffee Mug
Inserted - Post 242 - product - Valentine&#8217;s Day Special Mug
Inserted - Post 243 - product - Personalised Mug
Inserted - Post 245 - product - Father&#8217;s Day Coffee Mug
Inserted - Post 401 - page - Shop